<<<<<<< HEAD
This is pdfTeX, Version 3.1415926-2.3-1.40.12 (TeX Live 2011) (format=pdflatex 2011.7.3)  20 MAR 2012 16:57
=======
This is pdfTeX, Version 3.1415926-1.40.10 (TeX Live 2009/Debian) (format=pdflatex 2012.2.21)  20 MAR 2012 13:59
>>>>>>> ef32510387c402b6151336f07fa043cf4af7e457
entering extended mode
 %&-line parsing enabled.
**232-Notes.tex
(./232-Notes.tex
LaTeX2e <2009/09/24>
Babel <v3.8l> and hyphenation patterns for english, usenglishmax, dumylang, noh
yphenation, farsi, arabic, croatian, bulgarian, ukrainian, russian, czech, slov
ak, danish, dutch, finnish, french, basque, ngerman, german, german-x-2009-06-1
9, ngerman-x-2009-06-19, ibycus, monogreek, greek, ancientgreek, hungarian, san
skrit, italian, latin, latvian, lithuanian, mongolian2a, mongolian, bokmal, nyn
orsk, romanian, irish, coptic, serbian, turkish, welsh, esperanto, uppersorbian
, estonian, indonesian, interlingua, icelandic, kurmanji, slovenian, polish, po
rtuguese, spanish, galician, catalan, swedish, ukenglish, pinyin, loaded.
(/usr/share/texmf-texlive/tex/latex/base/article.cls
Document Class: article 2007/10/19 v1.4h Standard LaTeX document class
(/usr/share/texmf-texlive/tex/latex/base/size10.clo
File: size10.clo 2007/10/19 v1.4h Standard LaTeX file (size option)
)
\c@part=\count79
\c@section=\count80
\c@subsection=\count81
\c@subsubsection=\count82
\c@paragraph=\count83
\c@subparagraph=\count84
\c@figure=\count85
\c@table=\count86
\abovecaptionskip=\skip41
\belowcaptionskip=\skip42
\bibindent=\dimen102
)
(/usr/share/texmf-texlive/tex/latex/geometry/geometry.sty
Package: geometry 2008/12/21 v4.2 Page Geometry

(/usr/share/texmf-texlive/tex/latex/graphics/keyval.sty
Package: keyval 1999/03/16 v1.13 key=value parser (DPC)
\KV@toks@=\toks14
)
(/usr/share/texmf-texlive/tex/generic/oberdiek/ifpdf.sty
Package: ifpdf 2009/04/10 v2.0 Provides the ifpdf switch (HO)
Package ifpdf Info: pdfTeX in pdf mode detected.
)
(/usr/share/texmf-texlive/tex/generic/oberdiek/ifvtex.sty
Package: ifvtex 2008/11/04 v1.4 Switches for detecting VTeX and its modes (HO)
Package ifvtex Info: VTeX not detected.
)
\Gm@cnth=\count87
\Gm@cntv=\count88
\c@Gm@tempcnt=\count89
\Gm@bindingoffset=\dimen103
\Gm@wd@mp=\dimen104
\Gm@odd@mp=\dimen105
\Gm@even@mp=\dimen106
\Gm@dimlist=\toks15

(/usr/share/texmf-texlive/tex/xelatex/xetexconfig/geometry.cfg))
(/usr/share/texmf-texlive/tex/latex/amsmath/amsmath.sty
Package: amsmath 2000/07/18 v2.13 AMS math features
\@mathmargin=\skip43

For additional information on amsmath, use the `?' option.
(/usr/share/texmf-texlive/tex/latex/amsmath/amstext.sty
Package: amstext 2000/06/29 v2.01

(/usr/share/texmf-texlive/tex/latex/amsmath/amsgen.sty
File: amsgen.sty 1999/11/30 v2.0
\@emptytoks=\toks16
\ex@=\dimen107
))
(/usr/share/texmf-texlive/tex/latex/amsmath/amsbsy.sty
Package: amsbsy 1999/11/29 v1.2d
\pmbraise@=\dimen108
)
(/usr/share/texmf-texlive/tex/latex/amsmath/amsopn.sty
Package: amsopn 1999/12/14 v2.01 operator names
)
\inf@bad=\count90
LaTeX Info: Redefining \frac on input line 211.
\uproot@=\count91
\leftroot@=\count92
LaTeX Info: Redefining \overline on input line 307.
\classnum@=\count93
\DOTSCASE@=\count94
LaTeX Info: Redefining \ldots on input line 379.
LaTeX Info: Redefining \dots on input line 382.
LaTeX Info: Redefining \cdots on input line 467.
\Mathstrutbox@=\box26
\strutbox@=\box27
\big@size=\dimen109
LaTeX Font Info:    Redeclaring font encoding OML on input line 567.
LaTeX Font Info:    Redeclaring font encoding OMS on input line 568.
\macc@depth=\count95
\c@MaxMatrixCols=\count96
\dotsspace@=\muskip10
\c@parentequation=\count97
\dspbrk@lvl=\count98
\tag@help=\toks17
\row@=\count99
\column@=\count100
\maxfields@=\count101
\andhelp@=\toks18
\eqnshift@=\dimen110
\alignsep@=\dimen111
\tagshift@=\dimen112
\tagwidth@=\dimen113
\totwidth@=\dimen114
\lineht@=\dimen115
\@envbody=\toks19
\multlinegap=\skip44
\multlinetaggap=\skip45
\mathdisplay@stack=\toks20
LaTeX Info: Redefining \[ on input line 2666.
LaTeX Info: Redefining \] on input line 2667.
)
(/usr/share/texmf-texlive/tex/latex/amscls/amsthm.sty
Package: amsthm 2004/08/06 v2.20
\thm@style=\toks21
\thm@bodyfont=\toks22
\thm@headfont=\toks23
\thm@notefont=\toks24
\thm@headpunct=\toks25
\thm@preskip=\skip46
\thm@postskip=\skip47
\thm@headsep=\skip48
\dth@everypar=\toks26
)
(/usr/share/texmf-texlive/tex/latex/jknapltx/mathrsfs.sty
Package: mathrsfs 1996/01/01 Math RSFS package v1.0 (jk)
\symrsfs=\mathgroup4
)
(/usr/share/texmf-texlive/tex/latex/amsfonts/amssymb.sty
Package: amssymb 2009/06/22 v3.00

(/usr/share/texmf-texlive/tex/latex/amsfonts/amsfonts.sty
Package: amsfonts 2009/06/22 v3.00 Basic AMSFonts support
\symAMSa=\mathgroup5
\symAMSb=\mathgroup6
LaTeX Font Info:    Overwriting math alphabet `\mathfrak' in version `bold'
(Font)                  U/euf/m/n --> U/euf/b/n on input line 96.
))
(/usr/share/texmf-texlive/tex/latex/graphics/graphicx.sty
Package: graphicx 1999/02/16 v1.0f Enhanced LaTeX Graphics (DPC,SPQR)

(/usr/share/texmf-texlive/tex/latex/graphics/graphics.sty
Package: graphics 2009/02/05 v1.0o Standard LaTeX Graphics (DPC,SPQR)

(/usr/share/texmf-texlive/tex/latex/graphics/trig.sty
Package: trig 1999/03/16 v1.09 sin cos tan (DPC)
)
(/etc/texmf/tex/latex/config/graphics.cfg
File: graphics.cfg 2009/08/28 v1.8 graphics configuration of TeX Live
)
Package graphics Info: Driver file: pdftex.def on input line 91.

(/usr/share/texmf-texlive/tex/latex/pdftex-def/pdftex.def
File: pdftex.def 2010/03/12 v0.04p Graphics/color for pdfTeX
\Gread@gobject=\count102
))
\Gin@req@height=\dimen116
\Gin@req@width=\dimen117
)
(/usr/share/texmf-texlive/tex/latex/tools/bm.sty
Package: bm 2004/02/26 v1.1c Bold Symbol Support (DPC/FMi)
\symboldoperators=\mathgroup7
\symboldletters=\mathgroup8
\symboldsymbols=\mathgroup9
LaTeX Font Info:    Redeclaring math alphabet \mathbf on input line 138.
LaTeX Info: Redefining \bm on input line 204.
)
(/usr/share/texmf-texlive/tex/latex/hyperref/hyperref.sty
Package: hyperref 2009/10/09 v6.79a Hypertext links for LaTeX

(/usr/share/texmf-texlive/tex/generic/ifxetex/ifxetex.sty
Package: ifxetex 2009/01/23 v0.5 Provides ifxetex conditional
)
(/usr/share/texmf-texlive/tex/latex/oberdiek/hycolor.sty
Package: hycolor 2009/10/02 v1.5 Code for color options of hyperref/bookmark (H
O)

(/usr/share/texmf-texlive/tex/latex/oberdiek/xcolor-patch.sty
Package: xcolor-patch 2009/10/02 xcolor patch
))
\@linkdim=\dimen118
\Hy@linkcounter=\count103
\Hy@pagecounter=\count104

(/usr/share/texmf-texlive/tex/latex/hyperref/pd1enc.def
File: pd1enc.def 2009/10/09 v6.79a Hyperref: PDFDocEncoding definition (HO)
)
(/usr/share/texmf-texlive/tex/generic/oberdiek/etexcmds.sty
Package: etexcmds 2007/12/12 v1.2 Prefix for e-TeX command names (HO)

(/usr/share/texmf-texlive/tex/generic/oberdiek/infwarerr.sty
Package: infwarerr 2007/09/09 v1.2 Providing info/warning/message (HO)
)
Package etexcmds Info: Could not find \expanded.
(etexcmds)             That can mean that you are not using pdfTeX 1.50 or
(etexcmds)             that some package has redefined \expanded.
(etexcmds)             In the latter case, load this package earlier.
)
(/usr/share/texmf-texlive/tex/latex/latexconfig/hyperref.cfg
File: hyperref.cfg 2002/06/06 v1.2 hyperref configuration of TeXLive
)
(/usr/share/texmf-texlive/tex/latex/oberdiek/kvoptions.sty
Package: kvoptions 2009/08/13 v3.4 Keyval support for LaTeX options (HO)

(/usr/share/texmf-texlive/tex/generic/oberdiek/kvsetkeys.sty
Package: kvsetkeys 2009/07/30 v1.5 Key value parser with default handler suppor
t (HO)
))
Package hyperref Info: Hyper figures OFF on input line 2975.
Package hyperref Info: Link nesting OFF on input line 2980.
Package hyperref Info: Hyper index ON on input line 2983.
Package hyperref Info: Plain pages OFF on input line 2990.
Package hyperref Info: Backreferencing OFF on input line 2995.

Implicit mode ON; LaTeX internals redefined
Package hyperref Info: Bookmarks ON on input line 3191.
(/usr/share/texmf-texlive/tex/latex/ltxmisc/url.sty
\Urlmuskip=\muskip11
Package: url 2006/04/12  ver 3.3  Verb mode for urls, etc.
)
LaTeX Info: Redefining \url on input line 3428.

(/usr/share/texmf-texlive/tex/generic/oberdiek/bitset.sty
Package: bitset 2007/09/28 v1.0 Data type bit set (HO)

(/usr/share/texmf-texlive/tex/generic/oberdiek/intcalc.sty
Package: intcalc 2007/09/27 v1.1 Expandable integer calculations (HO)
)
(/usr/share/texmf-texlive/tex/generic/oberdiek/bigintcalc.sty
Package: bigintcalc 2007/11/11 v1.1 Expandable big integer calculations (HO)

(/usr/share/texmf-texlive/tex/generic/oberdiek/pdftexcmds.sty
Package: pdftexcmds 2009/09/23 v0.6 LuaTeX support for pdfTeX utility functions
 (HO)

(/usr/share/texmf-texlive/tex/generic/oberdiek/ifluatex.sty
Package: ifluatex 2009/04/17 v1.2 Provides the ifluatex switch (HO)
Package ifluatex Info: LuaTeX not detected.
)
(/usr/share/texmf-texlive/tex/generic/oberdiek/ltxcmds.sty
Package: ltxcmds 2009/08/05 v1.0 Some LaTeX kernel commands for general use (HO
)
)
Package pdftexcmds Info: LuaTeX not detected.
Package pdftexcmds Info: \pdf@primitive is available.
Package pdftexcmds Info: \pdf@ifprimitive is available.
)))
\Fld@menulength=\count105
\Field@Width=\dimen119
\Fld@charsize=\dimen120
\Field@toks=\toks27
Package hyperref Info: Hyper figures OFF on input line 4377.
Package hyperref Info: Link nesting OFF on input line 4382.
Package hyperref Info: Hyper index ON on input line 4385.
Package hyperref Info: backreferencing OFF on input line 4392.
Package hyperref Info: Link coloring OFF on input line 4397.
Package hyperref Info: Link coloring with OCG OFF on input line 4402.
Package hyperref Info: PDF/A mode OFF on input line 4407.

(/usr/share/texmf-texlive/tex/generic/oberdiek/atbegshi.sty
Package: atbegshi 2008/07/31 v1.9 At begin shipout hook (HO)
)
\Hy@abspage=\count106
\c@Item=\count107
\c@Hfootnote=\count108
)
*hyperref using default driver hpdftex*
(/usr/share/texmf-texlive/tex/latex/hyperref/hpdftex.def
File: hpdftex.def 2009/10/09 v6.79a Hyperref driver for pdfTeX
\Fld@listcount=\count109
)
(/usr/share/texmf-texlive/tex/latex/pdfsync/pdfsync.sty
Package: pdfsync 2008/01/26 v1.1
)
(/usr/share/texmf-texlive/tex/latex/fancyhdr/fancyhdr.sty
\fancy@headwidth=\skip49
\f@ncyO@elh=\skip50
\f@ncyO@erh=\skip51
\f@ncyO@olh=\skip52
\f@ncyO@orh=\skip53
\f@ncyO@elf=\skip54
\f@ncyO@erf=\skip55
\f@ncyO@olf=\skip56
\f@ncyO@orf=\skip57
) (./232-Notes.aux

LaTeX Warning: Label `sec:white-dwarf-cooling' multiply defined.


LaTeX Warning: Label `eq:364' multiply defined.


LaTeX Warning: Label `eq:365' multiply defined.


LaTeX Warning: Label `eq:366' multiply defined.


LaTeX Warning: Label `eq:367' multiply defined.


LaTeX Warning: Label `eq:368' multiply defined.

)
\openout1 = `232-Notes.aux'.

LaTeX Font Info:    Checking defaults for OML/cmm/m/it on input line 27.
LaTeX Font Info:    ... okay on input line 27.
LaTeX Font Info:    Checking defaults for T1/cmr/m/n on input line 27.
LaTeX Font Info:    ... okay on input line 27.
LaTeX Font Info:    Checking defaults for OT1/cmr/m/n on input line 27.
LaTeX Font Info:    ... okay on input line 27.
LaTeX Font Info:    Checking defaults for OMS/cmsy/m/n on input line 27.
LaTeX Font Info:    ... okay on input line 27.
LaTeX Font Info:    Checking defaults for OMX/cmex/m/n on input line 27.
LaTeX Font Info:    ... okay on input line 27.
LaTeX Font Info:    Checking defaults for U/cmr/m/n on input line 27.
LaTeX Font Info:    ... okay on input line 27.
LaTeX Font Info:    Checking defaults for PD1/pdf/m/n on input line 27.
LaTeX Font Info:    ... okay on input line 27.

*geometry auto-detecting driver*
*geometry detected driver: pdftex*
-------------------- Geometry parameters
paper: class default
landscape: --
twocolumn: --
twoside: --
asymmetric: --
h-parts: 92.14519pt, 0.7\paperwidth , 92.14519pt (default)
v-parts: 95.39737pt, 0.7\paperheight , 143.09605pt (default)
hmarginratio: 1:1
vmarginratio: 2:3
lines: --
heightrounded: --
bindingoffset: 0.0pt
truedimen: --
includehead: --
includefoot: --
includemp: --
driver: pdftex
-------------------- Page layout dimensions and switches
\paperwidth  614.295pt
\paperheight 794.96999pt
\textwidth  430.00462pt
\textheight 556.47656pt
\oddsidemargin  19.8752pt
\evensidemargin 19.8752pt
\topmargin  -13.87262pt
\headheight 12.0pt
\headsep    25.0pt
\footskip   30.0pt
\marginparwidth 65.0pt
\marginparsep   11.0pt
\columnsep  10.0pt
\skip\footins  9.0pt plus 4.0pt minus 2.0pt
\hoffset 0.0pt
\voffset 0.0pt
\mag 1000

(1in=72.27pt, 1cm=28.45pt)
-----------------------
(/usr/share/texmf-texlive/tex/context/base/supp-pdf.mkii
[Loading MPS to PDF converter (version 2006.09.02).]
\scratchcounter=\count110
\scratchdimen=\dimen121
\scratchbox=\box28
\nofMPsegments=\count111
\nofMParguments=\count112
\everyMPshowfont=\toks28
\MPscratchCnt=\count113
\MPscratchDim=\dimen122
\MPnumerator=\count114
\everyMPtoPDFconversion=\toks29
)
Package hyperref Info: Link coloring OFF on input line 27.
 (/usr/share/texmf-texlive/tex/latex/hyperref/nameref.sty
Package: nameref 2007/05/29 v2.31 Cross-referencing by name of section

(/usr/share/texmf-texlive/tex/latex/oberdiek/refcount.sty
Package: refcount 2008/08/11 v3.1 Data extraction from references (HO)
)
\c@section@level=\count115
)
LaTeX Info: Redefining \ref on input line 27.
LaTeX Info: Redefining \pageref on input line 27.
 (./232-Notes.out)
(./232-Notes.out)
\@outlinefile=\write3
\openout3 = `232-Notes.out'.

\AtBeginShipoutBox=\box29
Configuring pdfsync
\PDFSYNC@ut=\write4
\openout4 = `232-Notes.pdfsync'.

\PDFSYNCf@li@=\count116
\PDFSYNC@rder=\count117
**** pdfsync.sty: Synchronizing at \everypar
\PDFSYNCeveryp@r=\toks30
**** pdfsync.sty: Synchronizing at \everymath
\PDFSYNCeverym@th=\toks31
**** pdfsync.sty: Synchronizing at \everyhbox
\PDFSYNCeveryhb@x=\toks32
**** pdfsync.sty: Synchronizing at \everyvbox
\PDFSYNCeveryvb@x=\toks33
**** pdfsync.sty: started
LaTeX Font Info:    Try loading font information for U+rsfs on input line 29.
 (/usr/share/texmf-texlive/tex/latex/jknapltx/ursfs.fd
File: ursfs.fd 1998/03/24 rsfs font definition file (jk)
)
LaTeX Font Info:    Try loading font information for U+msa on input line 29.

(/usr/share/texmf-texlive/tex/latex/amsfonts/umsa.fd
File: umsa.fd 2009/06/22 v3.00 AMS symbols A
)
LaTeX Font Info:    Try loading font information for U+msb on input line 29.

(/usr/share/texmf-texlive/tex/latex/amsfonts/umsb.fd
File: umsb.fd 2009/06/22 v3.00 AMS symbols B
) [1

{/var/lib/texmf/fonts/map/pdftex/updmap/pdftex.map}] (./232-Notes.toc [2])
\tf@toc=\write5
\openout5 = `232-Notes.toc'.

 [3]
<hr_local.pdf, id=373, 691.58376pt x 548.0475pt>
File: hr_local.pdf Graphic file (type pdf)
 <use hr_local.pdf>
Overfull \hbox (3.61537pt too wide) in paragraph at lines 53--55
 [][][][] 
 []

[4] [5 <./hr_local.pdf>]
Underfull \hbox (badness 10000) in paragraph at lines 119--124

 []


Underfull \hbox (badness 10000) in paragraph at lines 125--129

 []


Underfull \hbox (badness 10000) in paragraph at lines 130--135

 []

[6]
Underfull \hbox (badness 10000) in paragraph at lines 176--181

 []

[7]
Underfull \hbox (badness 10000) in paragraph at lines 248--254

 []

[8] [9]
Underfull \hbox (badness 10000) in paragraph at lines 349--356

 []

[10]
Underfull \hbox (badness 10000) in paragraph at lines 411--416

 []

[11]
Underfull \hbox (badness 10000) in paragraph at lines 465--478

 []

[12] [13]
Underfull \hbox (badness 10000) in paragraph at lines 570--574

 []

[14] [15] [16]
Underfull \hbox (badness 10000) in paragraph at lines 730--735

 []

[17] [18] [19] [20]
Underfull \hbox (badness 10000) in paragraph at lines 969--976

 []


Underfull \hbox (badness 10000) in paragraph at lines 980--986

 []


Underfull \hbox (badness 10000) in paragraph at lines 987--992

 []

[21]
LaTeX Font Info:    Try loading font information for OMS+cmr on input line 1090
.
 (/usr/share/texmf-texlive/tex/latex/base/omscmr.fd
File: omscmr.fd 1999/05/25 v2.5h Standard LaTeX font definitions
)
LaTeX Font Info:    Font shape `OMS/cmr/m/n' in size <10> not available
(Font)              Font shape `OMS/cmsy/m/n' tried instead on input line 1090.


Underfull \hbox (badness 10000) in paragraph at lines 1088--1096

 []

[22]
Underfull \hbox (badness 10000) in paragraph at lines 1097--1103

 []

[23]
Underfull \hbox (badness 10000) in paragraph at lines 1168--1172

 []


Underfull \hbox (badness 10000) in paragraph at lines 1219--1221

 []


Underfull \hbox (badness 10000) in paragraph at lines 1225--1233

 []

[24]
Underfull \hbox (badness 10000) in paragraph at lines 1249--1252

 []


Underfull \hbox (badness 10000) in paragraph at lines 1295--1302

 []

[25]
Underfull \hbox (badness 10000) in paragraph at lines 1339--1346

 []

[26]
Underfull \hbox (badness 10000) in paragraph at lines 1436--1440

 []

[27]
Underfull \hbox (badness 10000) in paragraph at lines 1516--1528

 []

[28] [29]
Underfull \hbox (badness 10000) in paragraph at lines 1587--1592

 []


Underfull \hbox (badness 10000) in paragraph at lines 1598--1609

 []

[30] [31]
Underfull \hbox (badness 10000) in paragraph at lines 1735--1740

 []


Underfull \hbox (badness 10000) in paragraph at lines 1785--1790

 []

[32]
Underfull \hbox (badness 10000) in paragraph at lines 1809--1813

 []

[33] [34]
Underfull \hbox (badness 10000) in paragraph at lines 1951--1954

 []

[35]
Underfull \hbox (badness 10000) in paragraph at lines 2040--2044

 []

[36]
Underfull \hbox (badness 10000) in paragraph at lines 2103--2108

 []

<<<<<<< HEAD
[37] <energyPlot.pdf, id=873, 289.08pt x 289.08pt>
File: energyPlot.pdf Graphic file (type pdf)
 <use energyPlot.pdf>
Package pdftex.def Info: energyPlot.pdf used on input line 2127.
(pdftex.def)             Requested size: 289.07928pt x 289.07928pt.

Underfull \hbox (badness 10000) in paragraph at lines 2145--2148
=======
[37] <energyPlot.pdf, id=867, 289.08pt x 289.08pt>
File: energyPlot.pdf Graphic file (type pdf)
 <use energyPlot.pdf>
[38 <./energyPlot.pdf>]
Underfull \hbox (badness 10000) in paragraph at lines 2144--2147
>>>>>>> ef32510387c402b6151336f07fa043cf4af7e457

 []

[38 <./energyPlot.pdf>] [39] [40] [41]
Underfull \hbox (badness 10000) in paragraph at lines 2431--2437

 []

[42]
Underfull \hbox (badness 10000) in paragraph at lines 2438--2451

 []


Underfull \hbox (badness 10000) in paragraph at lines 2452--2453

 []


Underfull \hbox (badness 10000) in paragraph at lines 2457--2462

 []

[43]
Underfull \hbox (badness 10000) in paragraph at lines 2572--2576

 []

[44] [45]
Underfull \hbox (badness 10000) in paragraph at lines 2709--2725

 []

[46]
Underfull \hbox (badness 10000) in paragraph at lines 2745--2750

 []

[47] [48]
Underfull \hbox (badness 10000) in paragraph at lines 2898--2905

 []

[49]
Underfull \hbox (badness 10000) in paragraph at lines 2982--2984

 []

[50] [51]
Underfull \hbox (badness 10000) in paragraph at lines 3067--3075

 []


Underfull \hbox (badness 10000) in paragraph at lines 3081--3084

 []


Underfull \hbox (badness 10000) in paragraph at lines 3095--3099

 []


Underfull \hbox (badness 10000) in paragraph at lines 3115--3127

 []

[52]
Underfull \hbox (badness 10000) in paragraph at lines 3128--3131

 []


Underfull \hbox (badness 10000) in paragraph at lines 3140--3148

 []


Underfull \hbox (badness 10000) in paragraph at lines 3149--3153

 []

[53] [54] [55]
Underfull \hbox (badness 10000) in paragraph at lines 3339--3342

 []


Underfull \hbox (badness 10000) in paragraph at lines 3352--3361

 []


Underfull \hbox (badness 10000) in paragraph at lines 3362--3372

 []

[56]
Underfull \hbox (badness 10000) in paragraph at lines 3437--3444

 []


Underfull \hbox (badness 10000) in paragraph at lines 3456--3464

 []

[57]
Underfull \hbox (badness 10000) in paragraph at lines 3532--3539

 []

<<<<<<< HEAD
[58] <MSDiagram.pdf, id=1174, 289.08pt x 289.08pt>
File: MSDiagram.pdf Graphic file (type pdf)
 <use MSDiagram.pdf>
Package pdftex.def Info: MSDiagram.pdf used on input line 3596.
(pdftex.def)             Requested size: 289.07999pt x 289.09251pt.

=======
[58] <MSDiagram.pdf, id=1165, 289.08pt x 289.08pt>
File: MSDiagram.pdf Graphic file (type pdf)
 <use MSDiagram.pdf>
>>>>>>> ef32510387c402b6151336f07fa043cf4af7e457

LaTeX Warning: `!h' float specifier changed to `!ht'.


Underfull \hbox (badness 10000) in paragraph at lines 3613--3624

 []

[59] [60 <./MSDiagram.pdf>]
Underfull \hbox (badness 10000) in paragraph at lines 3676--3679

 []


Underfull \hbox (badness 10000) in paragraph at lines 3688--3692

 []

<<<<<<< HEAD
<compPlot.pdf, id=1250, 289.08pt x 289.08pt>
File: compPlot.pdf Graphic file (type pdf)
 <use compPlot.pdf>
Package pdftex.def Info: compPlot.pdf used on input line 3695.
(pdftex.def)             Requested size: 289.07928pt x 289.07928pt.

=======
<compPlot.pdf, id=1240, 289.08pt x 289.08pt>
File: compPlot.pdf Graphic file (type pdf)
 <use compPlot.pdf>
>>>>>>> ef32510387c402b6151336f07fa043cf4af7e457

LaTeX Warning: `!h' float specifier changed to `!ht'.

[61] [62 <./compPlot.pdf>]
Underfull \hbox (badness 10000) in paragraph at lines 3804--3808

 []


Underfull \hbox (badness 10000) in paragraph at lines 3822--3827

 []

<<<<<<< HEAD
[63] <TcRhoc.pdf, id=1316, 289.08pt x 289.08pt>
File: TcRhoc.pdf Graphic file (type pdf)
 <use TcRhoc.pdf>
Package pdftex.def Info: TcRhoc.pdf used on input line 3830.
(pdftex.def)             Requested size: 289.07928pt x 289.07928pt.

Underfull \hbox (badness 10000) in paragraph at lines 3847--3849
=======
[63] <TcRhoc.pdf, id=1306, 289.08pt x 289.08pt>
File: TcRhoc.pdf Graphic file (type pdf)
 <use TcRhoc.pdf>
Underfull \hbox (badness 10000) in paragraph at lines 3846--3848
>>>>>>> ef32510387c402b6151336f07fa043cf4af7e457

 []

[64 <./TcRhoc.pdf>]
Underfull \hbox (badness 10000) in paragraph at lines 3850--3856

 []


Underfull \hbox (badness 10000) in paragraph at lines 3878--3882

 []

[65]
Underfull \hbox (badness 10000) in paragraph at lines 3955--3966

 []

[66]
Underfull \hbox (badness 10000) in paragraph at lines 4002--4009

 []


Underfull \hbox (badness 10000) in paragraph at lines 4017--4022

 []


Underfull \hbox (badness 10000) in paragraph at lines 4060--4066

 []


Underfull \hbox (badness 10000) in paragraph at lines 4067--4068

 []

[67]
Underfull \hbox (badness 10000) in paragraph at lines 4076--4085

 []


Underfull \hbox (badness 10000) in paragraph at lines 4119--4123

 []

[68]
Underfull \hbox (badness 10000) in paragraph at lines 4143--4157

 []


Underfull \hbox (badness 10000) in paragraph at lines 4191--4208

 []

[69]
Underfull \hbox (badness 10000) in paragraph at lines 4209--4219

 []


Underfull \hbox (badness 10000) in paragraph at lines 4220--4230

 []

[70]
Underfull \hbox (badness 10000) in paragraph at lines 4318--4321

 []

[71] [72] [73]
Underfull \hbox (badness 10000) in paragraph at lines 4489--4495

 []


Underfull \hbox (badness 10000) in paragraph at lines 4501--4506

 []


Underfull \hbox (badness 10000) in paragraph at lines 4518--4521

 []


Underfull \hbox (badness 10000) in paragraph at lines 4522--4533

 []

[74]
Underfull \hbox (badness 10000) in paragraph at lines 4564--4571

 []


Underfull \hbox (badness 10000) in paragraph at lines 4572--4575

 []


Underfull \hbox (badness 10000) in paragraph at lines 4591--4596

 []

<<<<<<< HEAD
[75] [76]
=======
[75] [76] [77]
>>>>>>> ef32510387c402b6151336f07fa043cf4af7e457
Underfull \hbox (badness 10000) in paragraph at lines 4752--4758

 []

<<<<<<< HEAD
[77] <neutrinoCool.pdf, id=1544, 289.08pt x 289.08pt>
File: neutrinoCool.pdf Graphic file (type pdf)
 <use neutrinoCool.pdf>
Package pdftex.def Info: neutrinoCool.pdf used on input line 4761.
(pdftex.def)             Requested size: 289.07928pt x 289.07928pt.

=======
<neutrinoCool.pdf, id=1531, 289.08pt x 289.08pt>
File: neutrinoCool.pdf Graphic file (type pdf)
 <use neutrinoCool.pdf>
>>>>>>> ef32510387c402b6151336f07fa043cf4af7e457
Underfull \hbox (badness 10000) in paragraph at lines 4766--4771

 []

[78 <./neutrinoCool.pdf>]
Underfull \hbox (badness 10000) in paragraph at lines 4791--4793

 []


Underfull \hbox (badness 10000) in paragraph at lines 4797--4798

 []


<<<<<<< HEAD
Underfull \hbox (badness 10000) in paragraph at lines 4823--4827
=======
Underfull \hbox (badness 10000) in paragraph at lines 4822--4826
>>>>>>> ef32510387c402b6151336f07fa043cf4af7e457

 []


<<<<<<< HEAD
Underfull \hbox (badness 10000) in paragraph at lines 4833--4841
=======
Underfull \hbox (badness 10000) in paragraph at lines 4832--4840
>>>>>>> ef32510387c402b6151336f07fa043cf4af7e457

 []

[79]
<<<<<<< HEAD
Underfull \hbox (badness 10000) in paragraph at lines 4871--4873
=======
Underfull \hbox (badness 10000) in paragraph at lines 4870--4872
>>>>>>> ef32510387c402b6151336f07fa043cf4af7e457

 []


<<<<<<< HEAD
Underfull \hbox (badness 10000) in paragraph at lines 4874--4875
=======
Underfull \hbox (badness 10000) in paragraph at lines 4873--4874
>>>>>>> ef32510387c402b6151336f07fa043cf4af7e457

 []

[80]
<<<<<<< HEAD
Underfull \hbox (badness 10000) in paragraph at lines 4884--4885

 []

Package atveryend Info: Empty hook `BeforeClearDocument' on input line 4887.
[81]
Package atveryend Info: Empty hook `AfterLastShipout' on input line 4887.
 (./232-Notes.aux)
Package atveryend Info: Executing hook `AtVeryEndDocument' on input line 4887.
Package atveryend Info: Executing hook `AtEndAfterFileList' on input line 4887.

Package rerunfilecheck Info: File `232-Notes.out' has not changed.
(rerunfilecheck)             Checksum: ED00507DBD3460D11DE4FB31B32D189E;5424.


LaTeX Warning: There were multiply-defined labels.

Package atveryend Info: Empty hook `AtVeryVeryEnd' on input line 4887.
 ) 
Here is how much of TeX's memory you used:
 8067 strings out of 493633
 111019 string characters out of 3143378
 234813 words of memory out of 3000000
 10524 multiletter control sequences out of 15000+200000
 18270 words of font info for 70 fonts, out of 3000000 for 9000
 831 hyphenation exceptions out of 8191
 34i,32n,43p,591b,484s stack positions out of 5000i,500n,10000p,200000b,50000s
</usr/local/texlive/2011/texmf-dist/fonts/type1/public/amsfonts/cm/cmbsy10.pf
b></usr/local/texlive/2011/texmf-dist/fonts/type1/public/amsfonts/cm/cmbx10.pfb
></usr/local/texlive/2011/texmf-dist/fonts/type1/public/amsfonts/cm/cmbx12.pfb>
</usr/local/texlive/2011/texmf-dist/fonts/type1/public/amsfonts/cm/cmex10.pfb><
/usr/local/texlive/2011/texmf-dist/fonts/type1/public/amsfonts/cm/cmmi10.pfb></
usr/local/texlive/2011/texmf-dist/fonts/type1/public/amsfonts/cm/cmmi5.pfb></us
r/local/texlive/2011/texmf-dist/fonts/type1/public/amsfonts/cm/cmmi7.pfb></usr/
local/texlive/2011/texmf-dist/fonts/type1/public/amsfonts/cm/cmmib10.pfb></usr/
local/texlive/2011/texmf-dist/fonts/type1/public/amsfonts/cm/cmr10.pfb></usr/lo
cal/texlive/2011/texmf-dist/fonts/type1/public/amsfonts/cm/cmr12.pfb></usr/loca
l/texlive/2011/texmf-dist/fonts/type1/public/amsfonts/cm/cmr17.pfb></usr/local/
texlive/2011/texmf-dist/fonts/type1/public/amsfonts/cm/cmr5.pfb></usr/local/tex
live/2011/texmf-dist/fonts/type1/public/amsfonts/cm/cmr7.pfb></usr/local/texliv
e/2011/texmf-dist/fonts/type1/public/amsfonts/cm/cmsl10.pfb></usr/local/texlive
/2011/texmf-dist/fonts/type1/public/amsfonts/cm/cmsy10.pfb></usr/local/texlive/
2011/texmf-dist/fonts/type1/public/amsfonts/cm/cmsy5.pfb></usr/local/texlive/20
11/texmf-dist/fonts/type1/public/amsfonts/cm/cmsy7.pfb></usr/local/texlive/2011
/texmf-dist/fonts/type1/public/amsfonts/cm/cmti10.pfb></usr/local/texlive/2011/
texmf-dist/fonts/type1/public/amsfonts/cm/cmtt10.pfb></usr/local/texlive/2011/t
exmf-dist/fonts/type1/public/amsfonts/symbols/msam10.pfb></usr/local/texlive/20
11/texmf-dist/fonts/type1/public/amsfonts/symbols/msbm10.pfb></usr/local/texliv
e/2011/texmf-dist/fonts/type1/public/amsfonts/symbols/msbm7.pfb>
Output written on 232-Notes.pdf (81 pages, 692086 bytes).
=======
Underfull \hbox (badness 10000) in paragraph at lines 4883--4884

 []

[81] (./232-Notes.aux)

LaTeX Warning: There were multiply-defined labels.

 ) 
Here is how much of TeX's memory you used:
 7185 strings out of 493848
 96151 string characters out of 1152823
 205263 words of memory out of 3000000
 9604 multiletter control sequences out of 15000+50000
 18270 words of font info for 70 fonts, out of 3000000 for 9000
 714 hyphenation exceptions out of 8191
 38i,32n,43p,584b,480s stack positions out of 5000i,500n,10000p,200000b,50000s
</usr/share/texmf-texlive/fonts/type1/public/amsfonts/cm/cmbsy10.pfb></usr/sh
are/texmf-texlive/fonts/type1/public/amsfonts/cm/cmbx10.pfb></usr/share/texmf-t
exlive/fonts/type1/public/amsfonts/cm/cmbx12.pfb></usr/share/texmf-texlive/font
s/type1/public/amsfonts/cm/cmex10.pfb></usr/share/texmf-texlive/fonts/type1/pub
lic/amsfonts/cm/cmmi10.pfb></usr/share/texmf-texlive/fonts/type1/public/amsfont
s/cm/cmmi5.pfb></usr/share/texmf-texlive/fonts/type1/public/amsfonts/cm/cmmi7.p
fb></usr/share/texmf-texlive/fonts/type1/public/amsfonts/cm/cmmib10.pfb></usr/s
hare/texmf-texlive/fonts/type1/public/amsfonts/cm/cmr10.pfb></usr/share/texmf-t
exlive/fonts/type1/public/amsfonts/cm/cmr12.pfb></usr/share/texmf-texlive/fonts
/type1/public/amsfonts/cm/cmr17.pfb></usr/share/texmf-texlive/fonts/type1/publi
c/amsfonts/cm/cmr5.pfb></usr/share/texmf-texlive/fonts/type1/public/amsfonts/cm
/cmr7.pfb></usr/share/texmf-texlive/fonts/type1/public/amsfonts/cm/cmsl10.pfb><
/usr/share/texmf-texlive/fonts/type1/public/amsfonts/cm/cmsy10.pfb></usr/share/
texmf-texlive/fonts/type1/public/amsfonts/cm/cmsy5.pfb></usr/share/texmf-texliv
e/fonts/type1/public/amsfonts/cm/cmsy7.pfb></usr/share/texmf-texlive/fonts/type
1/public/amsfonts/cm/cmti10.pfb></usr/share/texmf-texlive/fonts/type1/public/am
sfonts/cm/cmtt10.pfb></usr/share/texmf-texlive/fonts/type1/public/amsfonts/symb
ols/msam10.pfb></usr/share/texmf-texlive/fonts/type1/public/amsfonts/symbols/ms
bm10.pfb></usr/share/texmf-texlive/fonts/type1/public/amsfonts/symbols/msbm7.pf
b>
Output written on 232-Notes.pdf (81 pages, 922178 bytes).
>>>>>>> ef32510387c402b6151336f07fa043cf4af7e457
PDF statistics:
 1829 PDF objects out of 2073 (max. 8388607)
 730 named destinations out of 1000 (max. 500000)
 591 words of extra memory for PDF output out of 10000 (max. 10000000)

