\BOOKMARK [1][-]{section.1}{Introduction}{}
\BOOKMARK [2][-]{subsection.1.1}{The HR Diagram}{section.1}
\BOOKMARK [2][-]{subsection.1.2}{Conditions for a Star on the HR Diagram}{section.1}
\BOOKMARK [3][-]{subsubsection.1.2.1}{Population I Stars}{subsection.1.2}
\BOOKMARK [3][-]{subsubsection.1.2.2}{Population II Stars}{subsection.1.2}
\BOOKMARK [1][-]{section.2}{The Isothermal, Plane Parallel Atmosphere}{}
\BOOKMARK [2][-]{subsection.2.1}{Scale Height and Column Depth}{section.2}
\BOOKMARK [2][-]{subsection.2.2}{Mean Molecular Weights}{section.2}
\BOOKMARK [2][-]{subsection.2.3}{Electric Fields in Stars}{section.2}
\BOOKMARK [1][-]{section.3}{Self-Gravitating Objects}{}
\BOOKMARK [2][-]{subsection.3.1}{Momentum Conservation and the Free-Fall Timescale}{section.3}
\BOOKMARK [2][-]{subsection.3.2}{The Virial Theorem}{section.3}
\BOOKMARK [2][-]{subsection.3.3}{Applications of the Virial Theorm}{section.3}
\BOOKMARK [2][-]{subsection.3.4}{Gas Pressure and Radiation Pressure}{section.3}
\BOOKMARK [2][-]{subsection.3.5}{Summary}{section.3}
\BOOKMARK [1][-]{section.4}{Heat Transfer in Stars}{}
\BOOKMARK [2][-]{subsection.4.1}{Heat Transport by Electrons}{section.4}
\BOOKMARK [2][-]{subsection.4.2}{Heat Transport by Photons}{section.4}
\BOOKMARK [3][-]{subsubsection.4.2.1}{The Eddington Limit and the Eddington Standard Model}{subsection.4.2}
\BOOKMARK [3][-]{subsubsection.4.2.2}{Polytropic Relations}{subsection.4.2}
\BOOKMARK [3][-]{subsubsection.4.2.3}{Heat Transfer in the Outer Atmosphere}{subsection.4.2}
\BOOKMARK [3][-]{subsubsection.4.2.4}{The Effective Temperature}{subsection.4.2}
